{"meta": {"format": 3, "version": "7.10.7", "timestamp": "2025-10-02T04:38:17.071831", "branch_coverage": false, "show_contexts": false}, "files": {"lightweight_rag/__init__.py": {"executed_lines": [1, 3, 4, 7, 8, 10], "summary": {"covered_lines": 5, "num_statements": 5, "percent_covered": 100.0, "percent_covered_display": "100", "missing_lines": 0, "excluded_lines": 0}, "missing_lines": [], "excluded_lines": [], "functions": {"": {"executed_lines": [1, 3, 4, 7, 8, 10], "summary": {"covered_lines": 5, "num_statements": 5, "percent_covered": 100.0, "percent_covered_display": "100", "missing_lines": 0, "excluded_lines": 0}, "missing_lines": [], "excluded_lines": []}}, "classes": {"": {"executed_lines": [1, 3, 4, 7, 8, 10], "summary": {"covered_lines": 5, "num_statements": 5, "percent_covered": 100.0, "percent_covered_display": "100", "missing_lines": 0, "excluded_lines": 0}, "missing_lines": [], "excluded_lines": []}}}, "lightweight_rag/cite.py": {"executed_lines": [1, 3, 4, 5, 7, 9, 10, 14, 17, 23, 73, 75, 76, 77, 78, 79, 82, 83, 84, 85, 86, 87, 88, 91, 92, 93, 96, 97, 98, 99, 100, 101, 104, 105, 106, 107, 108, 110, 117, 118, 119, 122, 124, 125, 126, 127, 128, 131, 132, 133, 135, 140, 141, 142, 145, 147, 148, 149, 151, 153, 154, 156, 159, 160, 163, 164, 166, 169, 174, 175, 176, 177, 178, 179, 180, 184, 203, 204, 205, 206, 209, 215, 220, 223, 224, 225, 227, 241, 302, 335, 356, 388, 401, 403, 410, 413, 414, 415, 416, 417, 421], "summary": {"covered_lines": 100, "num_statements": 180, "percent_covered": 55.55555555555556, "percent_covered_display": "56", "missing_lines": 80, "excluded_lines": 0}, "missing_lines": [19, 20, 25, 26, 27, 28, 29, 31, 33, 34, 35, 36, 37, 40, 41, 42, 43, 44, 45, 46, 47, 48, 50, 51, 52, 53, 54, 55, 56, 57, 59, 68, 69, 70, 161, 181, 210, 251, 252, 253, 256, 257, 258, 259, 266, 267, 268, 269, 271, 272, 273, 274, 277, 285, 286, 288, 313, 314, 315, 316, 317, 327, 328, 332, 341, 344, 345, 351, 353, 366, 368, 374, 377, 378, 379, 380, 381, 383, 385, 419], "excluded_lines": [], "functions": {"_print_quiet": {"executed_lines": [], "summary": {"covered_lines": 0, "num_statements": 2, "percent_covered": 0.0, "percent_covered_display": "0", "missing_lines": 2, "excluded_lines": 0}, "missing_lines": [19, 20], "excluded_lines": []}, "crossref_meta_for_doi": {"executed_lines": [], "summary": {"covered_lines": 0, "num_statements": 32, "percent_covered": 0.0, "percent_covered_display": "0", "missing_lines": 32, "excluded_lines": 0}, "missing_lines": [25, 26, 27, 28, 29, 31, 33, 34, 35, 36, 37, 40, 41, 42, 43, 44, 45, 46, 47, 48, 50, 51, 52, 53, 54, 55, 56, 57, 59, 68, 69, 70], "excluded_lines": []}, "openalex_meta_for_doi": {"executed_lines": [75, 76, 77, 78, 79, 82, 83, 84, 85, 86, 87, 88, 91, 92, 93, 96, 97, 98, 99, 100, 101, 104, 105, 106, 107, 108, 110, 117, 118, 119], "summary": {"covered_lines": 30, "num_statements": 30, "percent_covered": 100.0, "percent_covered_display": "100", "missing_lines": 0, "excluded_lines": 0}, "missing_lines": [], "excluded_lines": []}, "unpaywall_meta_for_doi": {"executed_lines": [124, 125, 126, 127, 128, 131, 132, 133, 135, 140, 141, 142], "summary": {"covered_lines": 12, "num_statements": 12, "percent_covered": 100.0, "percent_covered_display": "100", "missing_lines": 0, "excluded_lines": 0}, "missing_lines": [], "excluded_lines": []}, "author_date_citation": {"executed_lines": [147, 148, 149, 151, 153, 154, 156, 159, 160, 163, 164, 166], "summary": {"covered_lines": 12, "num_statements": 13, "percent_covered": 92.3076923076923, "percent_covered_display": "92", "missing_lines": 1, "excluded_lines": 0}, "missing_lines": [161], "excluded_lines": []}, "pandoc_citation": {"executed_lines": [174, 175, 176, 177, 178, 179, 180], "summary": {"covered_lines": 7, "num_statements": 8, "percent_covered": 87.5, "percent_covered_display": "88", "missing_lines": 1, "excluded_lines": 0}, "missing_lines": [181], "excluded_lines": []}, "enriched_meta_for_doi_cached": {"executed_lines": [203, 204, 205, 206, 209, 215], "summary": {"covered_lines": 6, "num_statements": 7, "percent_covered": 85.71428571428571, "percent_covered_display": "86", "missing_lines": 1, "excluded_lines": 0}, "missing_lines": [210], "excluded_lines": []}, "_build_docmeta_from_cache": {"executed_lines": [223, 224, 225, 227], "summary": {"covered_lines": 4, "num_statements": 4, "percent_covered": 100.0, "percent_covered_display": "100", "missing_lines": 0, "excluded_lines": 0}, "missing_lines": [], "excluded_lines": []}, "_fetch_enriched_uncached": {"executed_lines": [], "summary": {"covered_lines": 0, "num_statements": 19, "percent_covered": 0.0, "percent_covered_display": "0", "missing_lines": 19, "excluded_lines": 0}, "missing_lines": [251, 252, 253, 256, 257, 258, 259, 266, 267, 268, 269, 271, 272, 273, 274, 277, 285, 286, 288], "excluded_lines": []}, "crossref_meta_for_doi_cached": {"executed_lines": [], "summary": {"covered_lines": 0, "num_statements": 8, "percent_covered": 0.0, "percent_covered_display": "0", "missing_lines": 8, "excluded_lines": 0}, "missing_lines": [313, 314, 315, 316, 317, 327, 328, 332], "excluded_lines": []}, "_fetch_crossref_uncached": {"executed_lines": [], "summary": {"covered_lines": 0, "num_statements": 5, "percent_covered": 0.0, "percent_covered_display": "0", "missing_lines": 5, "excluded_lines": 0}, "missing_lines": [341, 344, 345, 351, 353], "excluded_lines": []}, "batch_crossref_lookup": {"executed_lines": [], "summary": {"covered_lines": 0, "num_statements": 10, "percent_covered": 0.0, "percent_covered_display": "0", "missing_lines": 10, "excluded_lines": 0}, "missing_lines": [366, 368, 374, 377, 378, 379, 380, 381, 383, 385], "excluded_lines": []}, "batch_enriched_lookup": {"executed_lines": [401, 403, 410, 413, 414, 415, 416, 417, 421], "summary": {"covered_lines": 9, "num_statements": 10, "percent_covered": 90.0, "percent_covered_display": "90", "missing_lines": 1, "excluded_lines": 0}, "missing_lines": [419], "excluded_lines": []}, "": {"executed_lines": [1, 3, 4, 5, 7, 9, 10, 14, 17, 23, 73, 122, 145, 169, 184, 220, 241, 302, 335, 356, 388], "summary": {"covered_lines": 20, "num_statements": 20, "percent_covered": 100.0, "percent_covered_display": "100", "missing_lines": 0, "excluded_lines": 0}, "missing_lines": [], "excluded_lines": []}}, "classes": {"": {"executed_lines": [1, 3, 4, 5, 7, 9, 10, 14, 17, 23, 73, 75, 76, 77, 78, 79, 82, 83, 84, 85, 86, 87, 88, 91, 92, 93, 96, 97, 98, 99, 100, 101, 104, 105, 106, 107, 108, 110, 117, 118, 119, 122, 124, 125, 126, 127, 128, 131, 132, 133, 135, 140, 141, 142, 145, 147, 148, 149, 151, 153, 154, 156, 159, 160, 163, 164, 166, 169, 174, 175, 176, 177, 178, 179, 180, 184, 203, 204, 205, 206, 209, 215, 220, 223, 224, 225, 227, 241, 302, 335, 356, 388, 401, 403, 410, 413, 414, 415, 416, 417, 421], "summary": {"covered_lines": 100, "num_statements": 180, "percent_covered": 55.55555555555556, "percent_covered_display": "56", "missing_lines": 80, "excluded_lines": 0}, "missing_lines": [19, 20, 25, 26, 27, 28, 29, 31, 33, 34, 35, 36, 37, 40, 41, 42, 43, 44, 45, 46, 47, 48, 50, 51, 52, 53, 54, 55, 56, 57, 59, 68, 69, 70, 161, 181, 210, 251, 252, 253, 256, 257, 258, 259, 266, 267, 268, 269, 271, 272, 273, 274, 277, 285, 286, 288, 313, 314, 315, 316, 317, 327, 328, 332, 341, 344, 345, 351, 353, 366, 368, 374, 377, 378, 379, 380, 381, 383, 385, 419], "excluded_lines": []}}}, "lightweight_rag/config.py": {"executed_lines": [2, 4, 5, 6, 7, 8, 11, 13, 119, 121, 123, 124, 125, 126, 128, 129, 130, 132, 135, 137, 139, 140, 141, 143, 145, 148, 153, 165, 166, 167, 169, 170, 171, 173, 174, 175, 176, 178, 179, 181, 183, 186, 189, 207, 208, 209, 212, 213, 216, 217, 218, 219, 221, 224, 226, 229, 232, 235, 236, 238], "summary": {"covered_lines": 59, "num_statements": 60, "percent_covered": 98.33333333333333, "percent_covered_display": "98", "missing_lines": 1, "excluded_lines": 0}, "missing_lines": [177], "excluded_lines": [], "functions": {"get_default_config": {"executed_lines": [13], "summary": {"covered_lines": 1, "num_statements": 1, "percent_covered": 100.0, "percent_covered_display": "100", "missing_lines": 0, "excluded_lines": 0}, "missing_lines": [], "excluded_lines": []}, "load_config": {"executed_lines": [121, 123, 124, 125, 126, 128, 129, 130, 132], "summary": {"covered_lines": 9, "num_statements": 9, "percent_covered": 100.0, "percent_covered_display": "100", "missing_lines": 0, "excluded_lines": 0}, "missing_lines": [], "excluded_lines": []}, "merge_configs": {"executed_lines": [137, 139, 140, 141, 143, 145], "summary": {"covered_lines": 6, "num_statements": 6, "percent_covered": 100.0, "percent_covered_display": "100", "missing_lines": 0, "excluded_lines": 0}, "missing_lines": [], "excluded_lines": []}, "apply_env_vars": {"executed_lines": [153, 165, 166, 167, 169, 170, 171, 173, 174, 175, 176, 178, 179, 181, 183], "summary": {"covered_lines": 15, "num_statements": 16, "percent_covered": 93.75, "percent_covered_display": "94", "missing_lines": 1, "excluded_lines": 0}, "missing_lines": [177], "excluded_lines": []}, "apply_cli_overrides": {"executed_lines": [189, 207, 208, 209, 212, 213, 216, 217, 218, 219, 221], "summary": {"covered_lines": 11, "num_statements": 11, "percent_covered": 100.0, "percent_covered_display": "100", "missing_lines": 0, "excluded_lines": 0}, "missing_lines": [], "excluded_lines": []}, "load_full_config": {"executed_lines": [226, 229, 232, 235, 236, 238], "summary": {"covered_lines": 6, "num_statements": 6, "percent_covered": 100.0, "percent_covered_display": "100", "missing_lines": 0, "excluded_lines": 0}, "missing_lines": [], "excluded_lines": []}, "": {"executed_lines": [2, 4, 5, 6, 7, 8, 11, 119, 135, 148, 186, 224], "summary": {"covered_lines": 11, "num_statements": 11, "percent_covered": 100.0, "percent_covered_display": "100", "missing_lines": 0, "excluded_lines": 0}, "missing_lines": [], "excluded_lines": []}}, "classes": {"": {"executed_lines": [2, 4, 5, 6, 7, 8, 11, 13, 119, 121, 123, 124, 125, 126, 128, 129, 130, 132, 135, 137, 139, 140, 141, 143, 145, 148, 153, 165, 166, 167, 169, 170, 171, 173, 174, 175, 176, 178, 179, 181, 183, 186, 189, 207, 208, 209, 212, 213, 216, 217, 218, 219, 221, 224, 226, 229, 232, 235, 236, 238], "summary": {"covered_lines": 59, "num_statements": 60, "percent_covered": 98.33333333333333, "percent_covered_display": "98", "missing_lines": 1, "excluded_lines": 0}, "missing_lines": [177], "excluded_lines": []}}}, "lightweight_rag/diversity.py": {"executed_lines": [1, 3, 4, 5, 7, 10, 11, 12, 18, 26, 27, 30, 31, 32, 34, 35, 36, 37, 39, 40, 43, 44, 45, 48, 49, 50, 51, 52, 53, 54, 55, 56, 57, 60, 61, 62, 63, 64, 65, 66, 67, 69, 72, 75, 76, 77, 80, 83, 84, 86, 89, 92, 183, 234, 256, 257, 259, 261, 262, 265, 266, 267, 270, 281, 284, 285, 287, 289], "summary": {"covered_lines": 67, "num_statements": 133, "percent_covered": 50.37593984962406, "percent_covered_display": "50", "missing_lines": 66, "excluded_lines": 0}, "missing_lines": [13, 14, 15, 87, 110, 111, 113, 114, 117, 118, 119, 122, 123, 125, 128, 129, 132, 133, 134, 135, 137, 138, 141, 142, 145, 146, 147, 149, 150, 152, 154, 157, 158, 160, 161, 163, 164, 165, 168, 169, 170, 172, 174, 176, 179, 180, 201, 202, 204, 205, 207, 209, 210, 211, 213, 214, 216, 219, 220, 223, 224, 226, 227, 230, 231, 282], "excluded_lines": [], "functions": {"simple_tfidf_vectors": {"executed_lines": [26, 30, 31, 32, 34, 35, 36, 37, 39, 40, 43, 44, 45, 48, 49, 50, 51, 52, 53, 54, 55, 56, 57, 60, 61, 62, 63, 64, 65, 66, 67, 69], "summary": {"covered_lines": 32, "num_statements": 32, "percent_covered": 100.0, "percent_covered_display": "100", "missing_lines": 0, "excluded_lines": 0}, "missing_lines": [], "excluded_lines": []}, "simple_tfidf_vectors.tokenize": {"executed_lines": [27], "summary": {"covered_lines": 1, "num_statements": 1, "percent_covered": 100.0, "percent_covered_display": "100", "missing_lines": 0, "excluded_lines": 0}, "missing_lines": [], "excluded_lines": []}, "cosine_similarity_sparse": {"executed_lines": [75, 76, 77, 80, 83, 84, 86, 89], "summary": {"covered_lines": 8, "num_statements": 9, "percent_covered": 88.88888888888889, "percent_covered_display": "89", "missing_lines": 1, "excluded_lines": 0}, "missing_lines": [87], "excluded_lines": []}, "mmr_selection": {"executed_lines": [], "summary": {"covered_lines": 0, "num_statements": 42, "percent_covered": 0.0, "percent_covered_display": "0", "missing_lines": 42, "excluded_lines": 0}, "missing_lines": [110, 111, 113, 114, 117, 118, 119, 122, 123, 125, 128, 129, 132, 133, 134, 135, 137, 138, 141, 142, 145, 146, 147, 149, 150, 152, 154, 157, 158, 160, 161, 163, 164, 165, 168, 169, 170, 172, 174, 176, 179, 180], "excluded_lines": []}, "apply_diversity_selection": {"executed_lines": [], "summary": {"covered_lines": 0, "num_statements": 19, "percent_covered": 0.0, "percent_covered_display": "0", "missing_lines": 19, "excluded_lines": 0}, "missing_lines": [201, 202, 204, 205, 207, 209, 210, 211, 213, 214, 216, 219, 220, 223, 224, 226, 227, 230, 231], "excluded_lines": []}, "format_results": {"executed_lines": [256, 257, 259, 261, 262, 265, 266, 267, 270, 281, 284, 285, 287, 289], "summary": {"covered_lines": 14, "num_statements": 15, "percent_covered": 93.33333333333333, "percent_covered_display": "93", "missing_lines": 1, "excluded_lines": 0}, "missing_lines": [282], "excluded_lines": []}, "": {"executed_lines": [1, 3, 4, 5, 7, 10, 11, 12, 18, 72, 92, 183, 234], "summary": {"covered_lines": 12, "num_statements": 15, "percent_covered": 80.0, "percent_covered_display": "80", "missing_lines": 3, "excluded_lines": 0}, "missing_lines": [13, 14, 15], "excluded_lines": []}}, "classes": {"": {"executed_lines": [1, 3, 4, 5, 7, 10, 11, 12, 18, 26, 27, 30, 31, 32, 34, 35, 36, 37, 39, 40, 43, 44, 45, 48, 49, 50, 51, 52, 53, 54, 55, 56, 57, 60, 61, 62, 63, 64, 65, 66, 67, 69, 72, 75, 76, 77, 80, 83, 84, 86, 89, 92, 183, 234, 256, 257, 259, 261, 262, 265, 266, 267, 270, 281, 284, 285, 287, 289], "summary": {"covered_lines": 67, "num_statements": 133, "percent_covered": 50.37593984962406, "percent_covered_display": "50", "missing_lines": 66, "excluded_lines": 0}, "missing_lines": [13, 14, 15, 87, 110, 111, 113, 114, 117, 118, 119, 122, 123, 125, 128, 129, 132, 133, 134, 135, 137, 138, 141, 142, 145, 146, 147, 149, 150, 152, 154, 157, 158, 160, 161, 163, 164, 165, 168, 169, 170, 172, 174, 176, 179, 180, 201, 202, 204, 205, 207, 209, 210, 211, 213, 214, 216, 219, 220, 223, 224, 226, 227, 230, 231, 282], "excluded_lines": []}}}, "lightweight_rag/environment.py": {"executed_lines": [2, 9, 10, 11, 12, 15, 28, 38, 43, 47, 48, 54, 57, 67, 70, 72, 83, 92, 94, 95, 96, 103, 106, 112, 115, 118, 119, 122, 123, 125, 128, 132, 135, 138, 139, 140, 152, 155, 160], "summary": {"covered_lines": 38, "num_statements": 74, "percent_covered": 51.351351351351354, "percent_covered_display": "51", "missing_lines": 36, "excluded_lines": 0}, "missing_lines": [39, 40, 44, 52, 68, 74, 75, 76, 77, 80, 81, 85, 86, 87, 89, 90, 100, 101, 116, 126, 129, 133, 143, 144, 145, 149, 157, 162, 164, 165, 166, 167, 168, 169, 170, 172], "excluded_lines": [], "functions": {"detect_environment": {"executed_lines": [28, 38, 43, 47, 48, 54], "summary": {"covered_lines": 6, "num_statements": 10, "percent_covered": 60.0, "percent_covered_display": "60", "missing_lines": 4, "excluded_lines": 0}, "missing_lines": [39, 40, 44, 52], "excluded_lines": []}, "get_default_paths": {"executed_lines": [67, 70, 72, 83, 92, 94, 95, 96, 103], "summary": {"covered_lines": 9, "num_statements": 23, "percent_covered": 39.130434782608695, "percent_covered_display": "39", "missing_lines": 14, "excluded_lines": 0}, "missing_lines": [68, 74, 75, 76, 77, 80, 81, 85, 86, 87, 89, 90, 100, 101], "excluded_lines": []}, "adapt_config_for_environment": {"executed_lines": [112, 115, 118, 119, 122, 123, 125, 128, 132, 135, 138, 139, 140, 152], "summary": {"covered_lines": 14, "num_statements": 22, "percent_covered": 63.63636363636363, "percent_covered_display": "64", "missing_lines": 8, "excluded_lines": 0}, "missing_lines": [116, 126, 129, 133, 143, 144, 145, 149], "excluded_lines": []}, "is_running_in_subprocess": {"executed_lines": [], "summary": {"covered_lines": 0, "num_statements": 1, "percent_covered": 0.0, "percent_covered_display": "0", "missing_lines": 1, "excluded_lines": 0}, "missing_lines": [157], "excluded_lines": []}, "get_environment_info": {"executed_lines": [], "summary": {"covered_lines": 0, "num_statements": 9, "percent_covered": 0.0, "percent_covered_display": "0", "missing_lines": 9, "excluded_lines": 0}, "missing_lines": [162, 164, 165, 166, 167, 168, 169, 170, 172], "excluded_lines": []}, "": {"executed_lines": [2, 9, 10, 11, 12, 15, 57, 106, 155, 160], "summary": {"covered_lines": 9, "num_statements": 9, "percent_covered": 100.0, "percent_covered_display": "100", "missing_lines": 0, "excluded_lines": 0}, "missing_lines": [], "excluded_lines": []}}, "classes": {"": {"executed_lines": [2, 9, 10, 11, 12, 15, 28, 38, 43, 47, 48, 54, 57, 67, 70, 72, 83, 92, 94, 95, 96, 103, 106, 112, 115, 118, 119, 122, 123, 125, 128, 132, 135, 138, 139, 140, 152, 155, 160], "summary": {"covered_lines": 38, "num_statements": 74, "percent_covered": 51.351351351351354, "percent_covered_display": "51", "missing_lines": 36, "excluded_lines": 0}, "missing_lines": [39, 40, 44, 52, 68, 74, 75, 76, 77, 80, 81, 85, 86, 87, 89, 90, 100, 101, 116, 126, 129, 133, 143, 144, 145, 149, 157, 162, 164, 165, 166, 167, 168, 169, 170, 172], "excluded_lines": []}}}, "lightweight_rag/fusion.py": {"executed_lines": [1, 3, 4, 5, 6, 7, 8, 11, 30, 41, 42, 43, 46, 59, 60, 61, 64, 88, 91, 92, 95, 109, 110, 113, 114, 116, 117, 118, 126, 129, 130, 133, 155, 156, 157, 158, 159, 161, 164, 184, 187, 188, 189, 191, 192, 193, 195, 196, 198, 199, 200, 203, 205, 206, 207, 210, 212, 213, 214, 216, 219, 220, 221, 224, 225, 227, 229], "summary": {"covered_lines": 66, "num_statements": 87, "percent_covered": 75.86206896551724, "percent_covered_display": "76", "missing_lines": 21, "excluded_lines": 0}, "missing_lines": [23, 24, 25, 26, 27, 96, 98, 104, 105, 106, 134, 135, 136, 138, 139, 142, 145, 149, 152, 185, 217], "excluded_lines": [], "functions": {"rrf_fuse": {"executed_lines": [], "summary": {"covered_lines": 0, "num_statements": 5, "percent_covered": 0.0, "percent_covered_display": "0", "missing_lines": 5, "excluded_lines": 0}, "missing_lines": [23, 24, 25, 26, 27], "excluded_lines": []}, "robustify_query": {"executed_lines": [41, 42, 43], "summary": {"covered_lines": 3, "num_statements": 3, "percent_covered": 100.0, "percent_covered_display": "100", "missing_lines": 0, "excluded_lines": 0}, "missing_lines": [], "excluded_lines": []}, "rank_by_bm25_order": {"executed_lines": [59, 60, 61], "summary": {"covered_lines": 3, "num_statements": 3, "percent_covered": 100.0, "percent_covered_display": "100", "missing_lines": 0, "excluded_lines": 0}, "missing_lines": [], "excluded_lines": []}, "build_ranking_runs": {"executed_lines": [88, 91, 92, 95, 109, 110, 113, 114, 116, 117, 118, 126, 129, 130, 133, 155, 156, 157, 158, 159, 161], "summary": {"covered_lines": 21, "num_statements": 35, "percent_covered": 60.0, "percent_covered_display": "60", "missing_lines": 14, "excluded_lines": 0}, "missing_lines": [96, 98, 104, 105, 106, 134, 135, 136, 138, 139, 142, 145, 149, 152], "excluded_lines": []}, "fused_diversity_selection": {"executed_lines": [184, 187, 188, 189, 191, 192, 193, 195, 198, 199, 200, 203, 205, 206, 207, 210, 212, 213, 214, 216, 219, 220, 221, 224, 225, 227, 229], "summary": {"covered_lines": 27, "num_statements": 29, "percent_covered": 93.10344827586206, "percent_covered_display": "93", "missing_lines": 2, "excluded_lines": 0}, "missing_lines": [185, 217], "excluded_lines": []}, "fused_diversity_selection.doc_key": {"executed_lines": [196], "summary": {"covered_lines": 1, "num_statements": 1, "percent_covered": 100.0, "percent_covered_display": "100", "missing_lines": 0, "excluded_lines": 0}, "missing_lines": [], "excluded_lines": []}, "": {"executed_lines": [1, 3, 4, 5, 6, 7, 8, 11, 30, 46, 64, 164], "summary": {"covered_lines": 11, "num_statements": 11, "percent_covered": 100.0, "percent_covered_display": "100", "missing_lines": 0, "excluded_lines": 0}, "missing_lines": [], "excluded_lines": []}}, "classes": {"": {"executed_lines": [1, 3, 4, 5, 6, 7, 8, 11, 30, 41, 42, 43, 46, 59, 60, 61, 64, 88, 91, 92, 95, 109, 110, 113, 114, 116, 117, 118, 126, 129, 130, 133, 155, 156, 157, 158, 159, 161, 164, 184, 187, 188, 189, 191, 192, 193, 195, 196, 198, 199, 200, 203, 205, 206, 207, 210, 212, 213, 214, 216, 219, 220, 221, 224, 225, 227, 229], "summary": {"covered_lines": 66, "num_statements": 87, "percent_covered": 75.86206896551724, "percent_covered_display": "76", "missing_lines": 21, "excluded_lines": 0}, "missing_lines": [23, 24, 25, 26, 27, 96, 98, 104, 105, 106, 134, 135, 136, 138, 139, 142, 145, 149, 152, 185, 217], "excluded_lines": []}}}, "lightweight_rag/index.py": {"executed_lines": [1, 3, 4, 5, 6, 7, 8, 9, 10, 11, 12, 14, 16, 22, 24, 25, 26, 27, 28, 35, 37, 44, 47, 50, 57, 58, 59, 61, 62, 63, 70, 73, 74, 75, 76, 77, 78, 79, 82, 84, 85, 88, 90, 91, 92, 93, 94, 95, 96, 99, 102, 103, 104, 107, 109, 110, 111, 112, 113, 114, 115, 117, 118, 119, 126, 127, 128, 129, 132, 134, 136, 137, 138, 139, 153, 158, 160, 161, 162, 163, 164, 165, 166, 167, 169, 174, 177, 178, 179, 180, 181, 182, 189, 200, 206, 224, 247, 257, 259, 262, 264, 267, 268, 269, 270, 271, 272, 273, 275, 276, 277, 279, 285, 288, 290, 293, 300, 301, 302, 303, 305, 307, 310, 316, 317, 320, 321, 322, 325, 326, 329, 330, 331, 337, 338, 341, 342, 345, 348, 359, 363, 365, 366, 368, 369, 371], "summary": {"covered_lines": 145, "num_statements": 197, "percent_covered": 73.60406091370558, "percent_covered_display": "74", "missing_lines": 52, "excluded_lines": 0}, "missing_lines": [51, 52, 53, 55, 154, 155, 168, 170, 171, 191, 192, 193, 194, 195, 196, 197, 202, 203, 208, 209, 210, 212, 213, 214, 216, 217, 218, 219, 220, 221, 229, 231, 232, 233, 234, 235, 236, 237, 238, 239, 241, 242, 244, 249, 250, 286, 312, 313, 334, 335, 343, 360], "excluded_lines": [], "functions": {"tokenize": {"executed_lines": [37], "summary": {"covered_lines": 1, "num_statements": 1, "percent_covered": 100.0, "percent_covered_display": "100", "missing_lines": 0, "excluded_lines": 0}, "missing_lines": [], "excluded_lines": []}, "build_bm25": {"executed_lines": [47, 50, 57, 58, 59, 61, 62, 63], "summary": {"covered_lines": 8, "num_statements": 12, "percent_covered": 66.66666666666667, "percent_covered_display": "67", "missing_lines": 4, "excluded_lines": 0}, "missing_lines": [51, 52, 53, 55], "excluded_lines": []}, "update_cache_paths": {"executed_lines": [73, 74, 75, 76, 77, 78, 79], "summary": {"covered_lines": 7, "num_statements": 7, "percent_covered": 100.0, "percent_covered_display": "100", "missing_lines": 0, "excluded_lines": 0}, "missing_lines": [], "excluded_lines": []}, "manifest_for_dir": {"executed_lines": [84, 85], "summary": {"covered_lines": 2, "num_statements": 2, "percent_covered": 100.0, "percent_covered_display": "100", "missing_lines": 0, "excluded_lines": 0}, "missing_lines": [], "excluded_lines": []}, "load_manifest": {"executed_lines": [90, 91, 92, 93, 94, 95, 96], "summary": {"covered_lines": 7, "num_statements": 7, "percent_covered": 100.0, "percent_covered_display": "100", "missing_lines": 0, "excluded_lines": 0}, "missing_lines": [], "excluded_lines": []}, "save_manifest": {"executed_lines": [102, 103, 104], "summary": {"covered_lines": 3, "num_statements": 3, "percent_covered": 100.0, "percent_covered_display": "100", "missing_lines": 0, "excluded_lines": 0}, "missing_lines": [], "excluded_lines": []}, "load_corpus_from_cache": {"executed_lines": [109, 110, 111, 112, 113, 114, 115, 117, 118, 119, 126, 127, 128, 129], "summary": {"covered_lines": 14, "num_statements": 14, "percent_covered": 100.0, "percent_covered_display": "100", "missing_lines": 0, "excluded_lines": 0}, "missing_lines": [], "excluded_lines": []}, "save_corpus_to_cache": {"executed_lines": [134, 136, 137, 138, 139, 153], "summary": {"covered_lines": 6, "num_statements": 8, "percent_covered": 75.0, "percent_covered_display": "75", "missing_lines": 2, "excluded_lines": 0}, "missing_lines": [154, 155], "excluded_lines": []}, "load_bm25_from_cache": {"executed_lines": [160, 161, 162, 163, 164, 165, 166, 167, 169], "summary": {"covered_lines": 9, "num_statements": 12, "percent_covered": 75.0, "percent_covered_display": "75", "missing_lines": 3, "excluded_lines": 0}, "missing_lines": [168, 170, 171], "excluded_lines": []}, "save_bm25_to_cache": {"executed_lines": [177, 178, 179, 180, 181, 182], "summary": {"covered_lines": 6, "num_statements": 6, "percent_covered": 100.0, "percent_covered_display": "100", "missing_lines": 0, "excluded_lines": 0}, "missing_lines": [], "excluded_lines": []}, "load_doi_cache": {"executed_lines": [], "summary": {"covered_lines": 0, "num_statements": 7, "percent_covered": 0.0, "percent_covered_display": "0", "missing_lines": 7, "excluded_lines": 0}, "missing_lines": [191, 192, 193, 194, 195, 196, 197], "excluded_lines": []}, "save_doi_cache": {"executed_lines": [], "summary": {"covered_lines": 0, "num_statements": 2, "percent_covered": 0.0, "percent_covered_display": "0", "missing_lines": 2, "excluded_lines": 0}, "missing_lines": [202, 203], "excluded_lines": []}, "is_doi_cache_fresh": {"executed_lines": [], "summary": {"covered_lines": 0, "num_statements": 12, "percent_covered": 0.0, "percent_covered_display": "0", "missing_lines": 12, "excluded_lines": 0}, "missing_lines": [208, 209, 210, 212, 213, 214, 216, 217, 218, 219, 220, 221], "excluded_lines": []}, "cache_doi_metadata": {"executed_lines": [], "summary": {"covered_lines": 0, "num_statements": 13, "percent_covered": 0.0, "percent_covered_display": "0", "missing_lines": 13, "excluded_lines": 0}, "missing_lines": [229, 231, 232, 233, 234, 235, 236, 237, 238, 239, 241, 242, 244], "excluded_lines": []}, "get_cached_doi_metadata": {"executed_lines": [], "summary": {"covered_lines": 0, "num_statements": 2, "percent_covered": 0.0, "percent_covered_display": "0", "missing_lines": 2, "excluded_lines": 0}, "missing_lines": [249, 250], "excluded_lines": []}, "compute_text_hash": {"executed_lines": [259], "summary": {"covered_lines": 1, "num_statements": 1, "percent_covered": 100.0, "percent_covered_display": "100", "missing_lines": 0, "excluded_lines": 0}, "missing_lines": [], "excluded_lines": []}, "manifest_for_dir_with_text_hash": {"executed_lines": [264, 267, 268, 269, 270, 271, 272, 273, 275, 276, 277, 279, 285, 288, 290], "summary": {"covered_lines": 15, "num_statements": 16, "percent_covered": 93.75, "percent_covered_display": "94", "missing_lines": 1, "excluded_lines": 0}, "missing_lines": [286], "excluded_lines": []}, "detect_changed_files": {"executed_lines": [300, 301, 302, 303, 305, 307, 310, 316, 317, 320, 321, 322, 325, 326, 329, 330, 331, 337, 338, 341, 342, 345], "summary": {"covered_lines": 22, "num_statements": 27, "percent_covered": 81.48148148148148, "percent_covered_display": "81", "missing_lines": 5, "excluded_lines": 0}, "missing_lines": [312, 313, 334, 335, 343], "excluded_lines": []}, "filter_corpus_by_files": {"executed_lines": [359, 363, 365, 366, 368, 369, 371], "summary": {"covered_lines": 7, "num_statements": 8, "percent_covered": 87.5, "percent_covered_display": "88", "missing_lines": 1, "excluded_lines": 0}, "missing_lines": [360], "excluded_lines": []}, "": {"executed_lines": [1, 3, 4, 5, 6, 7, 8, 9, 10, 11, 12, 14, 16, 22, 24, 25, 26, 27, 28, 35, 44, 70, 82, 88, 99, 107, 132, 158, 174, 189, 200, 206, 224, 247, 257, 262, 293, 348], "summary": {"covered_lines": 37, "num_statements": 37, "percent_covered": 100.0, "percent_covered_display": "100", "missing_lines": 0, "excluded_lines": 0}, "missing_lines": [], "excluded_lines": []}}, "classes": {"": {"executed_lines": [1, 3, 4, 5, 6, 7, 8, 9, 10, 11, 12, 14, 16, 22, 24, 25, 26, 27, 28, 35, 37, 44, 47, 50, 57, 58, 59, 61, 62, 63, 70, 73, 74, 75, 76, 77, 78, 79, 82, 84, 85, 88, 90, 91, 92, 93, 94, 95, 96, 99, 102, 103, 104, 107, 109, 110, 111, 112, 113, 114, 115, 117, 118, 119, 126, 127, 128, 129, 132, 134, 136, 137, 138, 139, 153, 158, 160, 161, 162, 163, 164, 165, 166, 167, 169, 174, 177, 178, 179, 180, 181, 182, 189, 200, 206, 224, 247, 257, 259, 262, 264, 267, 268, 269, 270, 271, 272, 273, 275, 276, 277, 279, 285, 288, 290, 293, 300, 301, 302, 303, 305, 307, 310, 316, 317, 320, 321, 322, 325, 326, 329, 330, 331, 337, 338, 341, 342, 345, 348, 359, 363, 365, 366, 368, 369, 371], "summary": {"covered_lines": 145, "num_statements": 197, "percent_covered": 73.60406091370558, "percent_covered_display": "74", "missing_lines": 52, "excluded_lines": 0}, "missing_lines": [51, 52, 53, 55, 154, 155, 168, 170, 171, 191, 192, 193, 194, 195, 196, 197, 202, 203, 208, 209, 210, 212, 213, 214, 216, 217, 218, 219, 220, 221, 229, 231, 232, 233, 234, 235, 236, 237, 238, 239, 241, 242, 244, 249, 250, 286, 312, 313, 334, 335, 343, 360], "excluded_lines": []}}}, "lightweight_rag/io_biblio.py": {"executed_lines": [1, 20, 22, 23, 24, 27, 28, 29, 30, 31, 32, 33, 34, 35, 36, 37, 40, 42, 43, 44, 45, 46, 47, 48, 50, 51, 52, 53, 54, 55, 56, 57, 58, 61, 64, 66, 67, 69, 70, 74, 75, 76, 77, 78, 79, 80, 83], "summary": {"covered_lines": 46, "num_statements": 53, "percent_covered": 86.79245283018868, "percent_covered_display": "87", "missing_lines": 7, "excluded_lines": 0}, "missing_lines": [59, 60, 68, 71, 72, 81, 82], "excluded_lines": [], "functions": {"BiblioEntry.__init__": {"executed_lines": [29, 30, 31, 32, 33, 34, 35, 36, 37], "summary": {"covered_lines": 9, "num_statements": 9, "percent_covered": 100.0, "percent_covered_display": "100", "missing_lines": 0, "excluded_lines": 0}, "missing_lines": [], "excluded_lines": []}, "load_biblio_index": {"executed_lines": [42, 43, 44, 45, 46, 47, 48, 50, 51, 52, 53, 54, 55, 56, 57, 58, 61], "summary": {"covered_lines": 17, "num_statements": 19, "percent_covered": 89.47368421052632, "percent_covered_display": "89", "missing_lines": 2, "excluded_lines": 0}, "missing_lines": [59, 60], "excluded_lines": []}, "load_biblio_index_by_doi": {"executed_lines": [66, 67, 69, 70, 74, 75, 76, 77, 78, 79, 80, 83], "summary": {"covered_lines": 12, "num_statements": 17, "percent_covered": 70.58823529411765, "percent_covered_display": "71", "missing_lines": 5, "excluded_lines": 0}, "missing_lines": [68, 71, 72, 81, 82], "excluded_lines": []}, "": {"executed_lines": [1, 20, 22, 23, 24, 27, 28, 40, 64], "summary": {"covered_lines": 8, "num_statements": 8, "percent_covered": 100.0, "percent_covered_display": "100", "missing_lines": 0, "excluded_lines": 0}, "missing_lines": [], "excluded_lines": []}}, "classes": {"BiblioEntry": {"executed_lines": [29, 30, 31, 32, 33, 34, 35, 36, 37], "summary": {"covered_lines": 9, "num_statements": 9, "percent_covered": 100.0, "percent_covered_display": "100", "missing_lines": 0, "excluded_lines": 0}, "missing_lines": [], "excluded_lines": []}, "": {"executed_lines": [1, 20, 22, 23, 24, 27, 28, 40, 42, 43, 44, 45, 46, 47, 48, 50, 51, 52, 53, 54, 55, 56, 57, 58, 61, 64, 66, 67, 69, 70, 74, 75, 76, 77, 78, 79, 80, 83], "summary": {"covered_lines": 37, "num_statements": 44, "percent_covered": 84.0909090909091, "percent_covered_display": "84", "missing_lines": 7, "excluded_lines": 0}, "missing_lines": [59, 60, 68, 71, 72, 81, 82], "excluded_lines": []}}}, "lightweight_rag/io_pdf.py": {"executed_lines": [1, 3, 4, 5, 6, 7, 8, 9, 11, 12, 13, 15, 16, 25, 28, 34, 45, 46, 49, 50, 52, 53, 54, 55, 56, 58, 59, 63, 64, 67, 68, 70, 75, 76, 77, 78, 82, 83, 84, 85, 87, 90, 100, 101, 104, 107, 109, 112, 123, 124, 126, 127, 128, 129, 130, 131, 134, 146, 150, 153, 156, 158, 161, 173, 176, 177, 180, 181, 182, 183, 185, 186, 187, 189, 191, 192, 193, 194, 196, 197, 198, 200, 201, 202, 203, 204, 205, 206, 207, 208, 209, 213, 214, 216, 218, 219, 221, 222, 228, 229, 230, 231, 233, 236, 248, 249, 251, 253, 260, 271, 272, 280, 346, 352, 353, 354, 360, 361, 366, 367, 370, 371, 374, 375, 377, 378, 379, 380, 381, 394, 395, 396, 398, 399, 400, 401, 402, 431, 438, 443, 445, 450, 451, 452, 453, 466, 467, 468, 469, 470, 471, 472, 475, 478, 479, 480, 481, 482, 483, 484, 490, 493, 496, 497, 503, 508, 509, 510, 511, 512, 524, 525, 526, 527, 530, 531, 533, 534, 538, 539, 542, 543, 566, 567, 569, 597, 605, 606, 610, 611, 639, 640, 642, 643, 646, 649, 668, 670, 671, 674, 678, 683, 690, 695, 698, 699, 706, 709, 710, 711, 712, 713, 724, 725, 729, 732, 734, 736, 737, 738, 739, 742, 745, 746, 747, 749, 750, 751, 753, 764, 765, 766, 767, 768, 769, 773, 775, 777, 779], "summary": {"covered_lines": 238, "num_statements": 426, "percent_covered": 55.86854460093897, "percent_covered_display": "56", "missing_lines": 188, "excluded_lines": 0}, "missing_lines": [30, 31, 60, 71, 174, 178, 224, 225, 254, 256, 257, 258, 261, 262, 263, 265, 266, 267, 273, 286, 287, 288, 290, 291, 292, 295, 298, 300, 302, 304, 305, 306, 308, 309, 312, 313, 316, 318, 319, 322, 326, 328, 329, 333, 340, 341, 342, 343, 362, 363, 382, 383, 384, 385, 386, 387, 388, 389, 390, 391, 392, 403, 404, 405, 406, 407, 408, 409, 410, 411, 412, 413, 414, 415, 416, 417, 418, 419, 420, 421, 422, 423, 424, 425, 426, 427, 428, 429, 430, 433, 434, 435, 436, 437, 439, 440, 441, 442, 446, 447, 448, 473, 474, 485, 487, 494, 498, 499, 505, 513, 514, 515, 516, 517, 518, 519, 520, 521, 535, 536, 544, 545, 546, 547, 548, 549, 550, 551, 552, 562, 563, 570, 571, 572, 573, 574, 575, 576, 577, 578, 579, 580, 581, 582, 592, 593, 594, 595, 596, 607, 612, 615, 616, 623, 625, 626, 634, 635, 636, 644, 650, 652, 653, 654, 655, 656, 657, 658, 659, 661, 662, 663, 664, 665, 675, 679, 680, 685, 687, 691, 692, 726, 727, 770, 771, 774, 776, 778], "excluded_lines": [], "functions": {"_print_if_not_quiet": {"executed_lines": [], "summary": {"covered_lines": 0, "num_statements": 2, "percent_covered": 0.0, "percent_covered_display": "0", "missing_lines": 2, "excluded_lines": 0}, "missing_lines": [30, 31], "excluded_lines": []}, "is_text_quality_good": {"executed_lines": [45, 46, 49, 50, 52, 53, 54, 55, 56, 58, 59, 63, 64, 67, 68, 70, 75, 76, 77, 78, 82, 83, 84, 85, 87], "summary": {"covered_lines": 25, "num_statements": 27, "percent_covered": 92.5925925925926, "percent_covered_display": "93", "missing_lines": 2, "excluded_lines": 0}, "missing_lines": [60, 71], "excluded_lines": []}, "clean_text": {"executed_lines": [100, 101, 104, 107, 109], "summary": {"covered_lines": 5, "num_statements": 5, "percent_covered": 100.0, "percent_covered_display": "100", "missing_lines": 0, "excluded_lines": 0}, "missing_lines": [], "excluded_lines": []}, "normalize_text": {"executed_lines": [123, 124, 126, 127, 128, 129, 130, 131], "summary": {"covered_lines": 8, "num_statements": 8, "percent_covered": 100.0, "percent_covered_display": "100", "missing_lines": 0, "excluded_lines": 0}, "missing_lines": [], "excluded_lines": []}, "split_into_sentences": {"executed_lines": [146, 150, 153, 156, 158], "summary": {"covered_lines": 5, "num_statements": 5, "percent_covered": 100.0, "percent_covered_display": "100", "missing_lines": 0, "excluded_lines": 0}, "missing_lines": [], "excluded_lines": []}, "create_sliding_windows": {"executed_lines": [173, 176, 177, 180, 181, 182, 183, 185, 186, 187, 189, 191, 192, 193, 194, 196, 197, 198, 200, 201, 202, 203, 204, 205, 206, 207, 208, 209, 213, 214, 216, 218, 219, 221, 222, 228, 229, 230, 231, 233], "summary": {"covered_lines": 40, "num_statements": 44, "percent_covered": 90.9090909090909, "percent_covered_display": "91", "missing_lines": 4, "excluded_lines": 0}, "missing_lines": [174, 178, 224, 225], "excluded_lines": []}, "chunk_text": {"executed_lines": [248, 249, 251, 253, 260, 271, 272], "summary": {"covered_lines": 7, "num_statements": 18, "percent_covered": 38.888888888888886, "percent_covered_display": "39", "missing_lines": 11, "excluded_lines": 0}, "missing_lines": [254, 256, 257, 258, 261, 262, 263, 265, 266, 267, 273], "excluded_lines": []}, "extract_pdf_pages": {"executed_lines": [], "summary": {"covered_lines": 0, "num_statements": 29, "percent_covered": 0.0, "percent_covered_display": "0", "missing_lines": 29, "excluded_lines": 0}, "missing_lines": [286, 287, 288, 290, 291, 292, 295, 298, 300, 302, 304, 305, 306, 308, 309, 312, 313, 316, 318, 319, 322, 326, 328, 329, 333, 340, 341, 342, 343], "excluded_lines": []}, "build_corpus": {"executed_lines": [352, 353, 354, 360, 361, 366, 367, 370, 371, 374, 375, 377, 378, 379, 380, 381, 394, 395, 396, 398, 399, 400, 401, 402, 431, 438, 443, 445, 450, 451, 452, 453, 466, 467, 468, 469, 470, 471, 472, 475, 478, 479, 480, 481, 482, 483, 484, 490, 493, 496, 497, 503, 508, 509, 510, 511, 512, 524, 525, 526, 527, 530, 531, 533, 534, 538, 539, 542, 543, 566, 567, 569, 597, 605, 606, 610, 611, 639, 640, 642, 643, 646, 649, 668, 670, 671, 674, 678, 683, 690, 695, 698, 699, 706, 709, 710, 711, 712, 713, 724, 725, 729, 732, 734, 736, 737, 738, 739, 742, 745, 746, 747, 749, 750, 751, 753, 764, 765, 766, 767, 768, 769, 773, 775, 777, 779], "summary": {"covered_lines": 126, "num_statements": 266, "percent_covered": 47.36842105263158, "percent_covered_display": "47", "missing_lines": 140, "excluded_lines": 0}, "missing_lines": [362, 363, 382, 383, 384, 385, 386, 387, 388, 389, 390, 391, 392, 403, 404, 405, 406, 407, 408, 409, 410, 411, 412, 413, 414, 415, 416, 417, 418, 419, 420, 421, 422, 423, 424, 425, 426, 427, 428, 429, 430, 433, 434, 435, 436, 437, 439, 440, 441, 442, 446, 447, 448, 473, 474, 485, 487, 494, 498, 499, 505, 513, 514, 515, 516, 517, 518, 519, 520, 521, 535, 536, 544, 545, 546, 547, 548, 549, 550, 551, 552, 562, 563, 570, 571, 572, 573, 574, 575, 576, 577, 578, 579, 580, 581, 582, 592, 593, 594, 595, 596, 607, 612, 615, 616, 623, 625, 626, 634, 635, 636, 644, 650, 652, 653, 654, 655, 656, 657, 658, 659, 661, 662, 663, 664, 665, 675, 679, 680, 685, 687, 691, 692, 726, 727, 770, 771, 774, 776, 778], "excluded_lines": []}, "": {"executed_lines": [1, 3, 4, 5, 6, 7, 8, 9, 11, 12, 13, 15, 16, 25, 28, 34, 90, 112, 134, 161, 236, 280, 346], "summary": {"covered_lines": 22, "num_statements": 22, "percent_covered": 100.0, "percent_covered_display": "100", "missing_lines": 0, "excluded_lines": 0}, "missing_lines": [], "excluded_lines": []}}, "classes": {"": {"executed_lines": [1, 3, 4, 5, 6, 7, 8, 9, 11, 12, 13, 15, 16, 25, 28, 34, 45, 46, 49, 50, 52, 53, 54, 55, 56, 58, 59, 63, 64, 67, 68, 70, 75, 76, 77, 78, 82, 83, 84, 85, 87, 90, 100, 101, 104, 107, 109, 112, 123, 124, 126, 127, 128, 129, 130, 131, 134, 146, 150, 153, 156, 158, 161, 173, 176, 177, 180, 181, 182, 183, 185, 186, 187, 189, 191, 192, 193, 194, 196, 197, 198, 200, 201, 202, 203, 204, 205, 206, 207, 208, 209, 213, 214, 216, 218, 219, 221, 222, 228, 229, 230, 231, 233, 236, 248, 249, 251, 253, 260, 271, 272, 280, 346, 352, 353, 354, 360, 361, 366, 367, 370, 371, 374, 375, 377, 378, 379, 380, 381, 394, 395, 396, 398, 399, 400, 401, 402, 431, 438, 443, 445, 450, 451, 452, 453, 466, 467, 468, 469, 470, 471, 472, 475, 478, 479, 480, 481, 482, 483, 484, 490, 493, 496, 497, 503, 508, 509, 510, 511, 512, 524, 525, 526, 527, 530, 531, 533, 534, 538, 539, 542, 543, 566, 567, 569, 597, 605, 606, 610, 611, 639, 640, 642, 643, 646, 649, 668, 670, 671, 674, 678, 683, 690, 695, 698, 699, 706, 709, 710, 711, 712, 713, 724, 725, 729, 732, 734, 736, 737, 738, 739, 742, 745, 746, 747, 749, 750, 751, 753, 764, 765, 766, 767, 768, 769, 773, 775, 777, 779], "summary": {"covered_lines": 238, "num_statements": 426, "percent_covered": 55.86854460093897, "percent_covered_display": "56", "missing_lines": 188, "excluded_lines": 0}, "missing_lines": [30, 31, 60, 71, 174, 178, 224, 225, 254, 256, 257, 258, 261, 262, 263, 265, 266, 267, 273, 286, 287, 288, 290, 291, 292, 295, 298, 300, 302, 304, 305, 306, 308, 309, 312, 313, 316, 318, 319, 322, 326, 328, 329, 333, 340, 341, 342, 343, 362, 363, 382, 383, 384, 385, 386, 387, 388, 389, 390, 391, 392, 403, 404, 405, 406, 407, 408, 409, 410, 411, 412, 413, 414, 415, 416, 417, 418, 419, 420, 421, 422, 423, 424, 425, 426, 427, 428, 429, 430, 433, 434, 435, 436, 437, 439, 440, 441, 442, 446, 447, 448, 473, 474, 485, 487, 494, 498, 499, 505, 513, 514, 515, 516, 517, 518, 519, 520, 521, 535, 536, 544, 545, 546, 547, 548, 549, 550, 551, 552, 562, 563, 570, 571, 572, 573, 574, 575, 576, 577, 578, 579, 580, 581, 582, 592, 593, 594, 595, 596, 607, 612, 615, 616, 623, 625, 626, 634, 635, 636, 644, 650, 652, 653, 654, 655, 656, 657, 658, 659, 661, 662, 663, 664, 665, 675, 679, 680, 685, 687, 691, 692, 726, 727, 770, 771, 774, 776, 778], "excluded_lines": []}}}, "lightweight_rag/main.py": {"executed_lines": [1, 3, 4, 5, 6, 8, 9, 10, 11, 12, 13, 14, 15, 18, 44, 46, 50, 51, 54, 55, 57, 58, 59, 60, 63, 64, 65, 66, 69, 72, 73, 74, 77, 85, 88, 96, 99, 100, 102, 105, 114, 115, 125, 128, 133, 136, 137, 140, 141, 144, 145, 154, 155, 156, 209], "summary": {"covered_lines": 54, "num_statements": 77, "percent_covered": 70.12987012987013, "percent_covered_display": "70", "missing_lines": 23, "excluded_lines": 0}, "missing_lines": [47, 92, 93, 107, 109, 110, 111, 159, 160, 161, 162, 163, 166, 167, 168, 174, 175, 178, 203, 204, 206, 215, 216], "excluded_lines": [], "functions": {"search_topk": {"executed_lines": [44, 46, 50, 51, 54, 55, 57, 58, 59, 60, 63, 64, 65, 66, 69, 72, 73, 74, 77, 85, 88, 96, 99, 100, 102, 105, 114, 115, 125], "summary": {"covered_lines": 29, "num_statements": 36, "percent_covered": 80.55555555555556, "percent_covered_display": "81", "missing_lines": 7, "excluded_lines": 0}, "missing_lines": [47, 92, 93, 107, 109, 110, 111], "excluded_lines": []}, "run_rag_pipeline": {"executed_lines": [133, 136, 137, 140, 141, 144, 145, 154, 155, 156], "summary": {"covered_lines": 10, "num_statements": 24, "percent_covered": 41.666666666666664, "percent_covered_display": "42", "missing_lines": 14, "excluded_lines": 0}, "missing_lines": [159, 160, 161, 162, 163, 166, 167, 168, 174, 175, 178, 203, 204, 206], "excluded_lines": []}, "query_pdfs": {"executed_lines": [], "summary": {"covered_lines": 0, "num_statements": 2, "percent_covered": 0.0, "percent_covered_display": "0", "missing_lines": 2, "excluded_lines": 0}, "missing_lines": [215, 216], "excluded_lines": []}, "": {"executed_lines": [1, 3, 4, 5, 6, 8, 9, 10, 11, 12, 13, 14, 15, 18, 128, 209], "summary": {"covered_lines": 15, "num_statements": 15, "percent_covered": 100.0, "percent_covered_display": "100", "missing_lines": 0, "excluded_lines": 0}, "missing_lines": [], "excluded_lines": []}}, "classes": {"": {"executed_lines": [1, 3, 4, 5, 6, 8, 9, 10, 11, 12, 13, 14, 15, 18, 44, 46, 50, 51, 54, 55, 57, 58, 59, 60, 63, 64, 65, 66, 69, 72, 73, 74, 77, 85, 88, 96, 99, 100, 102, 105, 114, 115, 125, 128, 133, 136, 137, 140, 141, 144, 145, 154, 155, 156, 209], "summary": {"covered_lines": 54, "num_statements": 77, "percent_covered": 70.12987012987013, "percent_covered_display": "70", "missing_lines": 23, "excluded_lines": 0}, "missing_lines": [47, 92, 93, 107, 109, 110, 111, 159, 160, 161, 162, 163, 166, 167, 168, 174, 175, 178, 203, 204, 206, 215, 216], "excluded_lines": []}}}, "lightweight_rag/models.py": {"executed_lines": [1, 3, 4, 5, 12, 13, 14, 15, 16, 17, 18, 19, 20, 21, 22, 23, 24, 25, 26, 29, 30, 31, 32, 33, 34, 35, 36, 43, 45, 50, 61, 63, 64, 65, 66, 67, 70, 72, 73, 74, 75], "summary": {"covered_lines": 38, "num_statements": 38, "percent_covered": 100.0, "percent_covered_display": "100", "missing_lines": 0, "excluded_lines": 0}, "missing_lines": [], "excluded_lines": [], "functions": {"find_doi_in_text": {"executed_lines": [63, 64, 65, 66, 67], "summary": {"covered_lines": 5, "num_statements": 5, "percent_covered": 100.0, "percent_covered_display": "100", "missing_lines": 0, "excluded_lines": 0}, "missing_lines": [], "excluded_lines": []}, "window": {"executed_lines": [72, 73, 74, 75], "summary": {"covered_lines": 4, "num_statements": 4, "percent_covered": 100.0, "percent_covered_display": "100", "missing_lines": 0, "excluded_lines": 0}, "missing_lines": [], "excluded_lines": []}, "": {"executed_lines": [1, 3, 4, 5, 12, 13, 14, 15, 16, 17, 18, 19, 20, 21, 22, 23, 24, 25, 26, 29, 30, 31, 32, 33, 34, 35, 36, 43, 45, 50, 61, 70], "summary": {"covered_lines": 29, "num_statements": 29, "percent_covered": 100.0, "percent_covered_display": "100", "missing_lines": 0, "excluded_lines": 0}, "missing_lines": [], "excluded_lines": []}}, "classes": {"DocMeta": {"executed_lines": [], "summary": {"covered_lines": 0, "num_statements": 0, "percent_covered": 100.0, "percent_covered_display": "100", "missing_lines": 0, "excluded_lines": 0}, "missing_lines": [], "excluded_lines": []}, "Chunk": {"executed_lines": [], "summary": {"covered_lines": 0, "num_statements": 0, "percent_covered": 100.0, "percent_covered_display": "100", "missing_lines": 0, "excluded_lines": 0}, "missing_lines": [], "excluded_lines": []}, "": {"executed_lines": [1, 3, 4, 5, 12, 13, 14, 15, 16, 17, 18, 19, 20, 21, 22, 23, 24, 25, 26, 29, 30, 31, 32, 33, 34, 35, 36, 43, 45, 50, 61, 63, 64, 65, 66, 67, 70, 72, 73, 74, 75], "summary": {"covered_lines": 38, "num_statements": 38, "percent_covered": 100.0, "percent_covered_display": "100", "missing_lines": 0, "excluded_lines": 0}, "missing_lines": [], "excluded_lines": []}}}, "lightweight_rag/performance.py": {"executed_lines": [1, 3, 4, 5, 6, 7, 10, 11, 12, 18, 20, 21, 24, 26, 27, 28, 29, 32, 34, 37, 48, 62, 72, 75, 83, 84, 85, 88, 91, 93], "summary": {"covered_lines": 29, "num_statements": 43, "percent_covered": 67.44186046511628, "percent_covered_display": "67", "missing_lines": 14, "excluded_lines": 0}, "missing_lines": [13, 14, 15, 44, 45, 54, 55, 57, 58, 59, 77, 78, 79, 80], "excluded_lines": [], "functions": {"seed_numpy": {"executed_lines": [20, 21], "summary": {"covered_lines": 2, "num_statements": 2, "percent_covered": 100.0, "percent_covered_display": "100", "missing_lines": 0, "excluded_lines": 0}, "missing_lines": [], "excluded_lines": []}, "get_optimal_worker_count": {"executed_lines": [26, 27, 28, 29], "summary": {"covered_lines": 4, "num_statements": 4, "percent_covered": 100.0, "percent_covered_display": "100", "missing_lines": 0, "excluded_lines": 0}, "missing_lines": [], "excluded_lines": []}, "create_api_semaphore": {"executed_lines": [34], "summary": {"covered_lines": 1, "num_statements": 1, "percent_covered": 100.0, "percent_covered_display": "100", "missing_lines": 0, "excluded_lines": 0}, "missing_lines": [], "excluded_lines": []}, "process_with_semaphore": {"executed_lines": [], "summary": {"covered_lines": 0, "num_statements": 2, "percent_covered": 0.0, "percent_covered_display": "0", "missing_lines": 2, "excluded_lines": 0}, "missing_lines": [44, 45], "excluded_lines": []}, "process_with_thread_pool": {"executed_lines": [], "summary": {"covered_lines": 0, "num_statements": 5, "percent_covered": 0.0, "percent_covered_display": "0", "missing_lines": 5, "excluded_lines": 0}, "missing_lines": [54, 55, 57, 58, 59], "excluded_lines": []}, "deterministic_sort_key": {"executed_lines": [72, 75, 83, 84, 85, 88], "summary": {"covered_lines": 6, "num_statements": 10, "percent_covered": 60.0, "percent_covered_display": "60", "missing_lines": 4, "excluded_lines": 0}, "missing_lines": [77, 78, 79, 80], "excluded_lines": []}, "sort_results_deterministically": {"executed_lines": [93], "summary": {"covered_lines": 1, "num_statements": 1, "percent_covered": 100.0, "percent_covered_display": "100", "missing_lines": 0, "excluded_lines": 0}, "missing_lines": [], "excluded_lines": []}, "": {"executed_lines": [1, 3, 4, 5, 6, 7, 10, 11, 12, 18, 24, 32, 37, 48, 62, 91], "summary": {"covered_lines": 15, "num_statements": 18, "percent_covered": 83.33333333333333, "percent_covered_display": "83", "missing_lines": 3, "excluded_lines": 0}, "missing_lines": [13, 14, 15], "excluded_lines": []}}, "classes": {"": {"executed_lines": [1, 3, 4, 5, 6, 7, 10, 11, 12, 18, 20, 21, 24, 26, 27, 28, 29, 32, 34, 37, 48, 62, 72, 75, 83, 84, 85, 88, 91, 93], "summary": {"covered_lines": 29, "num_statements": 43, "percent_covered": 67.44186046511628, "percent_covered_display": "67", "missing_lines": 14, "excluded_lines": 0}, "missing_lines": [13, 14, 15, 44, 45, 54, 55, 57, 58, 59, 77, 78, 79, 80], "excluded_lines": []}}}, "lightweight_rag/prf.py": {"executed_lines": [1, 3, 4, 6, 8, 9, 12, 27, 28, 29, 32, 33, 34, 37, 39, 42, 43], "summary": {"covered_lines": 16, "num_statements": 17, "percent_covered": 94.11764705882354, "percent_covered_display": "94", "missing_lines": 1, "excluded_lines": 0}, "missing_lines": [40], "excluded_lines": [], "functions": {"rm3_expand_query": {"executed_lines": [27, 28, 29, 32, 33, 34, 37, 39, 42, 43], "summary": {"covered_lines": 10, "num_statements": 11, "percent_covered": 90.9090909090909, "percent_covered_display": "91", "missing_lines": 1, "excluded_lines": 0}, "missing_lines": [40], "excluded_lines": []}, "": {"executed_lines": [1, 3, 4, 6, 8, 9, 12], "summary": {"covered_lines": 6, "num_statements": 6, "percent_covered": 100.0, "percent_covered_display": "100", "missing_lines": 0, "excluded_lines": 0}, "missing_lines": [], "excluded_lines": []}}, "classes": {"": {"executed_lines": [1, 3, 4, 6, 8, 9, 12, 27, 28, 29, 32, 33, 34, 37, 39, 42, 43], "summary": {"covered_lines": 16, "num_statements": 17, "percent_covered": 94.11764705882354, "percent_covered_display": "94", "missing_lines": 1, "excluded_lines": 0}, "missing_lines": [40], "excluded_lines": []}}}, "lightweight_rag/rerank.py": {"executed_lines": [1, 3, 4, 5, 6, 9, 10, 11, 12, 13, 14, 17, 20, 22, 23, 25, 26, 29, 31, 32, 33, 34, 35, 38, 40, 41, 42, 43, 46, 48, 49, 50, 52, 53, 54, 57, 58, 59, 60, 62, 63, 64, 65, 67, 69, 72, 74, 75, 77, 78, 81, 82, 84, 87, 111, 112, 113, 115, 117, 118, 119, 120, 121, 123, 125, 128, 156], "summary": {"covered_lines": 66, "num_statements": 102, "percent_covered": 64.70588235294117, "percent_covered_display": "65", "missing_lines": 36, "excluded_lines": 0}, "missing_lines": [68, 136, 137, 139, 140, 141, 142, 143, 144, 146, 147, 149, 150, 151, 152, 153, 168, 169, 172, 173, 175, 176, 179, 180, 182, 186, 187, 190, 191, 192, 193, 194, 196, 198, 201, 206], "excluded_lines": [], "functions": {"tokenize_for_rerank": {"executed_lines": [22, 23, 25, 26], "summary": {"covered_lines": 4, "num_statements": 4, "percent_covered": 100.0, "percent_covered_display": "100", "missing_lines": 0, "excluded_lines": 0}, "missing_lines": [], "excluded_lines": []}, "idf_weight": {"executed_lines": [31, 32, 33, 34, 35], "summary": {"covered_lines": 5, "num_statements": 5, "percent_covered": 100.0, "percent_covered_display": "100", "missing_lines": 0, "excluded_lines": 0}, "missing_lines": [], "excluded_lines": []}, "coverage_score": {"executed_lines": [40, 41, 42, 43], "summary": {"covered_lines": 4, "num_statements": 4, "percent_covered": 100.0, "percent_covered_display": "100", "missing_lines": 0, "excluded_lines": 0}, "missing_lines": [], "excluded_lines": []}, "proximity_score": {"executed_lines": [48, 49, 50, 52, 53, 54, 57, 58, 59, 60, 62, 63, 64, 65, 67, 69], "summary": {"covered_lines": 16, "num_statements": 17, "percent_covered": 94.11764705882354, "percent_covered_display": "94", "missing_lines": 1, "excluded_lines": 0}, "missing_lines": [68], "excluded_lines": []}, "phrase_boost": {"executed_lines": [74, 75, 77, 78, 81, 82, 84], "summary": {"covered_lines": 7, "num_statements": 7, "percent_covered": 100.0, "percent_covered_display": "100", "missing_lines": 0, "excluded_lines": 0}, "missing_lines": [], "excluded_lines": []}, "heuristic_rerank": {"executed_lines": [111, 112, 113, 115, 117, 118, 119, 120, 121, 123, 125], "summary": {"covered_lines": 11, "num_statements": 11, "percent_covered": 100.0, "percent_covered_display": "100", "missing_lines": 0, "excluded_lines": 0}, "missing_lines": [], "excluded_lines": []}, "embed_texts": {"executed_lines": [], "summary": {"covered_lines": 0, "num_statements": 15, "percent_covered": 0.0, "percent_covered_display": "0", "missing_lines": 15, "excluded_lines": 0}, "missing_lines": [136, 137, 139, 140, 141, 142, 143, 144, 146, 147, 149, 150, 151, 152, 153], "excluded_lines": []}, "semantic_rerank": {"executed_lines": [], "summary": {"covered_lines": 0, "num_statements": 20, "percent_covered": 0.0, "percent_covered_display": "0", "missing_lines": 20, "excluded_lines": 0}, "missing_lines": [168, 169, 172, 173, 175, 176, 179, 180, 182, 186, 187, 190, 191, 192, 193, 194, 196, 198, 201, 206], "excluded_lines": []}, "": {"executed_lines": [1, 3, 4, 5, 6, 9, 10, 11, 12, 13, 14, 17, 20, 29, 38, 46, 72, 87, 128, 156], "summary": {"covered_lines": 19, "num_statements": 19, "percent_covered": 100.0, "percent_covered_display": "100", "missing_lines": 0, "excluded_lines": 0}, "missing_lines": [], "excluded_lines": []}}, "classes": {"": {"executed_lines": [1, 3, 4, 5, 6, 9, 10, 11, 12, 13, 14, 17, 20, 22, 23, 25, 26, 29, 31, 32, 33, 34, 35, 38, 40, 41, 42, 43, 46, 48, 49, 50, 52, 53, 54, 57, 58, 59, 60, 62, 63, 64, 65, 67, 69, 72, 74, 75, 77, 78, 81, 82, 84, 87, 111, 112, 113, 115, 117, 118, 119, 120, 121, 123, 125, 128, 156], "summary": {"covered_lines": 66, "num_statements": 102, "percent_covered": 64.70588235294117, "percent_covered_display": "65", "missing_lines": 36, "excluded_lines": 0}, "missing_lines": [68, 136, 137, 139, 140, 141, 142, 143, 144, 146, 147, 149, 150, 151, 152, 153, 168, 169, 172, 173, 175, 176, 179, 180, 182, 186, 187, 190, 191, 192, 193, 194, 196, 198, 201, 206], "excluded_lines": []}}}, "lightweight_rag/scoring.py": {"executed_lines": [1, 3, 5, 6, 9, 15, 16, 19, 20, 21, 24, 25, 26, 27, 28, 29, 32, 33, 36, 37, 39, 40, 41, 44, 45, 46, 47, 49, 50, 52, 55, 61, 62, 64, 65, 67, 68, 69, 70, 71, 72, 74, 77, 81, 82], "summary": {"covered_lines": 44, "num_statements": 44, "percent_covered": 100.0, "percent_covered_display": "100", "missing_lines": 0, "excluded_lines": 0}, "missing_lines": [], "excluded_lines": [], "functions": {"proximity_bonus": {"executed_lines": [15, 16, 19, 20, 21, 24, 25, 26, 27, 28, 29, 32, 33, 36, 37, 39, 40, 41, 44, 45, 46, 47, 49, 50, 52], "summary": {"covered_lines": 25, "num_statements": 25, "percent_covered": 100.0, "percent_covered_display": "100", "missing_lines": 0, "excluded_lines": 0}, "missing_lines": [], "excluded_lines": []}, "ngram_bonus": {"executed_lines": [61, 62, 64, 65, 67, 68, 69, 70, 71, 72, 74], "summary": {"covered_lines": 11, "num_statements": 11, "percent_covered": 100.0, "percent_covered_display": "100", "missing_lines": 0, "excluded_lines": 0}, "missing_lines": [], "excluded_lines": []}, "pattern_bonus": {"executed_lines": [81, 82], "summary": {"covered_lines": 2, "num_statements": 2, "percent_covered": 100.0, "percent_covered_display": "100", "missing_lines": 0, "excluded_lines": 0}, "missing_lines": [], "excluded_lines": []}, "": {"executed_lines": [1, 3, 5, 6, 9, 55, 77], "summary": {"covered_lines": 6, "num_statements": 6, "percent_covered": 100.0, "percent_covered_display": "100", "missing_lines": 0, "excluded_lines": 0}, "missing_lines": [], "excluded_lines": []}}, "classes": {"": {"executed_lines": [1, 3, 5, 6, 9, 15, 16, 19, 20, 21, 24, 25, 26, 27, 28, 29, 32, 33, 36, 37, 39, 40, 41, 44, 45, 46, 47, 49, 50, 52, 55, 61, 62, 64, 65, 67, 68, 69, 70, 71, 72, 74, 77, 81, 82], "summary": {"covered_lines": 44, "num_statements": 44, "percent_covered": 100.0, "percent_covered_display": "100", "missing_lines": 0, "excluded_lines": 0}, "missing_lines": [], "excluded_lines": []}}}}, "totals": {"covered_lines": 1011, "num_statements": 1536, "percent_covered": 65.8203125, "percent_covered_display": "66", "missing_lines": 525, "excluded_lines": 0}}